This is pdfTeX, Version 3.141592653-2.6-1.40.26 (TeX Live 2024) (preloaded format=pdflatex 2024.9.29)  5 MAR 2026 19:46
entering extended mode
 restricted \write18 enabled.
 %&-line parsing enabled.
**kampala_pq.tex
(./kampala_pq.tex
LaTeX2e <2024-06-01> patch level 2
L3 programming layer <2024-09-10>
(c:/texlive/2024/texmf-dist/tex/latex/elsarticle/elsarticle.cls
Document Class: elsarticle 2024/04/04, 3.4: Elsevier Ltd
(c:/texlive/2024/texmf-dist/tex/latex/base/fontenc.sty
Package: fontenc 2021/04/29 v2.0v Standard LaTeX package
)
(c:/texlive/2024/texmf-dist/tex/latex/l3kernel/expl3.sty
Package: expl3 2024-09-10 L3 programming layer (loader) 

(c:/texlive/2024/texmf-dist/tex/latex/l3backend/l3backend-pdftex.def
File: l3backend-pdftex.def 2024-05-08 L3 backend support: PDF output (pdfTeX)
\l__color_backend_stack_int=\count194
\l__pdf_internal_box=\box52
))
(c:/texlive/2024/texmf-dist/tex/latex/l3packages/xparse/xparse.sty
Package: xparse 2024-08-16 L3 Experimental document command parser
)
(c:/texlive/2024/texmf-dist/tex/latex/etoolbox/etoolbox.sty
Package: etoolbox 2020/10/05 v2.5k e-TeX tools for LaTeX (JAW)
\etb@tempcnta=\count195
)
\@bls=\dimen141

(c:/texlive/2024/texmf-dist/tex/latex/base/article.cls
Document Class: article 2024/02/08 v1.4n Standard LaTeX document class
(c:/texlive/2024/texmf-dist/tex/latex/base/size10.clo
File: size10.clo 2024/02/08 v1.4n Standard LaTeX file (size option)
)
\c@part=\count196
\c@section=\count197
\c@subsection=\count198
\c@subsubsection=\count199
\c@paragraph=\count266
\c@subparagraph=\count267
\c@figure=\count268
\c@table=\count269
\abovecaptionskip=\skip49
\belowcaptionskip=\skip50
\bibindent=\dimen142
)
(c:/texlive/2024/texmf-dist/tex/latex/graphics/graphicx.sty
Package: graphicx 2021/09/16 v1.2d Enhanced LaTeX Graphics (DPC,SPQR)

(c:/texlive/2024/texmf-dist/tex/latex/graphics/keyval.sty
Package: keyval 2022/05/29 v1.15 key=value parser (DPC)
\KV@toks@=\toks17
)
(c:/texlive/2024/texmf-dist/tex/latex/graphics/graphics.sty
Package: graphics 2024/05/23 v1.4g Standard LaTeX Graphics (DPC,SPQR)

(c:/texlive/2024/texmf-dist/tex/latex/graphics/trig.sty
Package: trig 2023/12/02 v1.11 sin cos tan (DPC)
)
(c:/texlive/2024/texmf-dist/tex/latex/graphics-cfg/graphics.cfg
File: graphics.cfg 2016/06/04 v1.11 sample graphics configuration
)
Package graphics Info: Driver file: pdftex.def on input line 106.

(c:/texlive/2024/texmf-dist/tex/latex/graphics-def/pdftex.def
File: pdftex.def 2024/04/13 v1.2c Graphics/color driver for pdftex
))
\Gin@req@height=\dimen143
\Gin@req@width=\dimen144
)
\c@tnote=\count270
\c@fnote=\count271
\c@cnote=\count272
\c@ead=\count273
\c@author=\count274
\@eadauthor=\toks18
\c@affn=\count275
\absbox=\box53
\elsarticlehighlightsbox=\box54
\elsarticlegrabsbox=\box55
\keybox=\box56
\Columnwidth=\dimen145
\space@left=\dimen146
\els@boxa=\box57
\els@boxb=\box58
\leftMargin=\dimen147
\@enLab=\toks19
\@sep=\skip51
\@@sep=\skip52

(./kampala_pq.spl) (c:/texlive/2024/texmf-dist/tex/latex/natbib/natbib.sty
Package: natbib 2010/09/13 8.31b (PWD, AO)
\bibhang=\skip53
\bibsep=\skip54
LaTeX Info: Redefining \cite on input line 694.
\c@NAT@ctr=\count276
)
\splwrite=\write3
\openout3 = `kampala_pq.spl'.

\appnamewidth=\dimen148
)
(c:/texlive/2024/texmf-dist/tex/latex/amsfonts/amssymb.sty
Package: amssymb 2013/01/14 v3.01 AMS font symbols

(c:/texlive/2024/texmf-dist/tex/latex/amsfonts/amsfonts.sty
Package: amsfonts 2013/01/14 v3.01 Basic AMSFonts support
\@emptytoks=\toks20
\symAMSa=\mathgroup4
\symAMSb=\mathgroup5
LaTeX Font Info:    Redeclaring math symbol \hbar on input line 98.
LaTeX Font Info:    Overwriting math alphabet `\mathfrak' in version `bold'
(Font)                  U/euf/m/n --> U/euf/b/n on input line 106.
))
(c:/texlive/2024/texmf-dist/tex/latex/amsmath/amsmath.sty
Package: amsmath 2024/05/23 v2.17q AMS math features
\@mathmargin=\skip55

For additional information on amsmath, use the `?' option.
(c:/texlive/2024/texmf-dist/tex/latex/amsmath/amstext.sty
Package: amstext 2021/08/26 v2.01 AMS text

(c:/texlive/2024/texmf-dist/tex/latex/amsmath/amsgen.sty
File: amsgen.sty 1999/11/30 v2.0 generic functions
\@emptytoks=\toks21
\ex@=\dimen149
))
(c:/texlive/2024/texmf-dist/tex/latex/amsmath/amsbsy.sty
Package: amsbsy 1999/11/29 v1.2d Bold Symbols
\pmbraise@=\dimen150
)
(c:/texlive/2024/texmf-dist/tex/latex/amsmath/amsopn.sty
Package: amsopn 2022/04/08 v2.04 operator names
)
\inf@bad=\count277
LaTeX Info: Redefining \frac on input line 233.
\uproot@=\count278
\leftroot@=\count279
LaTeX Info: Redefining \overline on input line 398.
LaTeX Info: Redefining \colon on input line 409.
\classnum@=\count280
\DOTSCASE@=\count281
LaTeX Info: Redefining \ldots on input line 495.
LaTeX Info: Redefining \dots on input line 498.
LaTeX Info: Redefining \cdots on input line 619.
\Mathstrutbox@=\box59
\strutbox@=\box60
LaTeX Info: Redefining \big on input line 721.
LaTeX Info: Redefining \Big on input line 722.
LaTeX Info: Redefining \bigg on input line 723.
LaTeX Info: Redefining \Bigg on input line 724.
\big@size=\dimen151
LaTeX Font Info:    Redeclaring font encoding OML on input line 742.
LaTeX Font Info:    Redeclaring font encoding OMS on input line 743.
\macc@depth=\count282
LaTeX Info: Redefining \bmod on input line 904.
LaTeX Info: Redefining \pmod on input line 909.
LaTeX Info: Redefining \smash on input line 939.
LaTeX Info: Redefining \relbar on input line 969.
LaTeX Info: Redefining \Relbar on input line 970.
\c@MaxMatrixCols=\count283
\dotsspace@=\muskip17
\c@parentequation=\count284
\dspbrk@lvl=\count285
\tag@help=\toks22
\row@=\count286
\column@=\count287
\maxfields@=\count288
\andhelp@=\toks23
\eqnshift@=\dimen152
\alignsep@=\dimen153
\tagshift@=\dimen154
\tagwidth@=\dimen155
\totwidth@=\dimen156
\lineht@=\dimen157
\@envbody=\toks24
\multlinegap=\skip56
\multlinetaggap=\skip57
\mathdisplay@stack=\toks25
LaTeX Info: Redefining \[ on input line 2953.
LaTeX Info: Redefining \] on input line 2954.
)
(c:/texlive/2024/texmf-dist/tex/latex/xcolor/xcolor.sty
Package: xcolor 2023/11/15 v3.01 LaTeX color extensions (UK)

(c:/texlive/2024/texmf-dist/tex/latex/graphics-cfg/color.cfg
File: color.cfg 2016/01/02 v1.6 sample color configuration
)
Package xcolor Info: Driver file: pdftex.def on input line 274.

(c:/texlive/2024/texmf-dist/tex/latex/graphics/mathcolor.ltx)
Package xcolor Info: Model `cmy' substituted by `cmy0' on input line 1350.
Package xcolor Info: Model `hsb' substituted by `rgb' on input line 1354.
Package xcolor Info: Model `RGB' extended on input line 1366.
Package xcolor Info: Model `HTML' substituted by `rgb' on input line 1368.
Package xcolor Info: Model `Hsb' substituted by `hsb' on input line 1369.
Package xcolor Info: Model `tHsb' substituted by `hsb' on input line 1370.
Package xcolor Info: Model `HSB' substituted by `hsb' on input line 1371.
Package xcolor Info: Model `Gray' substituted by `gray' on input line 1372.
Package xcolor Info: Model `wave' substituted by `hsb' on input line 1373.
)
(c:/texlive/2024/texmf-dist/tex/latex/caption/subcaption.sty
Package: subcaption 2023/07/28 v1.6b Sub-captions (AR)

(c:/texlive/2024/texmf-dist/tex/latex/caption/caption.sty
Package: caption 2023/08/05 v3.6o Customizing captions (AR)

(c:/texlive/2024/texmf-dist/tex/latex/caption/caption3.sty
Package: caption3 2023/07/31 v2.4d caption3 kernel (AR)
\caption@tempdima=\dimen158
\captionmargin=\dimen159
\caption@leftmargin=\dimen160
\caption@rightmargin=\dimen161
\caption@width=\dimen162
\caption@indent=\dimen163
\caption@parindent=\dimen164
\caption@hangindent=\dimen165
Package caption Info: elsarticle document class detected.

(c:/texlive/2024/texmf-dist/tex/latex/caption/caption-elsarticle.sto
File: caption-elsarticle.sto 2020/08/22 v2.0 Adaption of the caption package to
 the elsarticle document class (AR)
))
\c@caption@flags=\count289
\c@continuedfloat=\count290
)
Package caption Info: New subtype `subfigure' on input line 238.
\c@subfigure=\count291
Package caption Info: New subtype `subtable' on input line 238.
\c@subtable=\count292
)
(c:/texlive/2024/texmf-dist/tex/latex/placeins/placeins.sty
Package: placeins 2005/04/18  v 2.2
)
(c:/texlive/2024/texmf-dist/tex/latex/float/float.sty
Package: float 2001/11/08 v1.3d Float enhancements (AL)
\c@float@type=\count293
\float@exts=\toks26
\float@box=\box61
\@float@everytoks=\toks27
\@floatcapt=\box62
)
(c:/texlive/2024/texmf-dist/tex/generic/soul/soul.sty
Package: soul 2023-06-14 v3.1 Permit use of UTF-8 characters in soul (HO)

(c:/texlive/2024/texmf-dist/tex/generic/soul/soul-ori.sty
Package: soul-ori 2023-06-14 v3.1 letterspacing/underlining (mf)
\SOUL@word=\toks28
\SOUL@lasttoken=\toks29
\SOUL@syllable=\toks30
\SOUL@cmds=\toks31
\SOUL@buffer=\toks32
\SOUL@token=\toks33
\SOUL@syllgoal=\dimen166
\SOUL@syllwidth=\dimen167
\SOUL@charkern=\dimen168
\SOUL@hyphkern=\dimen169
\SOUL@dimen=\dimen170
\SOUL@dimeni=\dimen171
\SOUL@minus=\count294
\SOUL@comma=\count295
\SOUL@apo=\count296
\SOUL@grave=\count297
\SOUL@spaceskip=\skip58
\SOUL@ttwidth=\dimen172
\SOUL@uldp=\dimen173
\SOUL@ulht=\dimen174
)
(c:/texlive/2024/texmf-dist/tex/generic/infwarerr/infwarerr.sty
Package: infwarerr 2019/12/03 v1.5 Providing info/warning/error messages (HO)
)
(c:/texlive/2024/texmf-dist/tex/generic/etexcmds/etexcmds.sty
Package: etexcmds 2019/12/15 v1.7 Avoid name clashes with e-TeX commands (HO)

(c:/texlive/2024/texmf-dist/tex/generic/iftex/iftex.sty
Package: iftex 2022/02/03 v1.0f TeX engine tests
)))
(c:/texlive/2024/texmf-dist/tex/latex/tools/verbatim.sty
Package: verbatim 2024-01-22 v1.5x LaTeX2e package for verbatim enhancements
\every@verbatim=\toks34
\verbatim@line=\toks35
\verbatim@in@stream=\read2
)
(c:/texlive/2024/texmf-dist/tex/latex/geometry/geometry.sty
Package: geometry 2020/01/02 v5.9 Page Geometry

(c:/texlive/2024/texmf-dist/tex/generic/iftex/ifvtex.sty
Package: ifvtex 2019/10/25 v1.7 ifvtex legacy package. Use iftex instead.
)
\Gm@cnth=\count298
\Gm@cntv=\count299
\c@Gm@tempcnt=\count300
\Gm@bindingoffset=\dimen175
\Gm@wd@mp=\dimen176
\Gm@odd@mp=\dimen177
\Gm@even@mp=\dimen178
\Gm@layoutwidth=\dimen179
\Gm@layoutheight=\dimen180
\Gm@layouthoffset=\dimen181
\Gm@layoutvoffset=\dimen182
\Gm@dimlist=\toks36
)
(c:/texlive/2024/texmf-dist/tex/latex/hyperref/hyperref.sty
Package: hyperref 2024-07-10 v7.01j Hypertext links for LaTeX

(c:/texlive/2024/texmf-dist/tex/latex/kvsetkeys/kvsetkeys.sty
Package: kvsetkeys 2022-10-05 v1.19 Key value parser (HO)
)
(c:/texlive/2024/texmf-dist/tex/generic/kvdefinekeys/kvdefinekeys.sty
Package: kvdefinekeys 2019-12-19 v1.6 Define keys (HO)
)
(c:/texlive/2024/texmf-dist/tex/generic/pdfescape/pdfescape.sty
Package: pdfescape 2019/12/09 v1.15 Implements pdfTeX's escape features (HO)

(c:/texlive/2024/texmf-dist/tex/generic/ltxcmds/ltxcmds.sty
Package: ltxcmds 2023-12-04 v1.26 LaTeX kernel commands for general use (HO)
)
(c:/texlive/2024/texmf-dist/tex/generic/pdftexcmds/pdftexcmds.sty
Package: pdftexcmds 2020-06-27 v0.33 Utility functions of pdfTeX for LuaTeX (HO
)
Package pdftexcmds Info: \pdf@primitive is available.
Package pdftexcmds Info: \pdf@ifprimitive is available.
Package pdftexcmds Info: \pdfdraftmode found.
))
(c:/texlive/2024/texmf-dist/tex/latex/hycolor/hycolor.sty
Package: hycolor 2020-01-27 v1.10 Color options for hyperref/bookmark (HO)
)
(c:/texlive/2024/texmf-dist/tex/latex/hyperref/nameref.sty
Package: nameref 2023-11-26 v2.56 Cross-referencing by name of section

(c:/texlive/2024/texmf-dist/tex/latex/refcount/refcount.sty
Package: refcount 2019/12/15 v3.6 Data extraction from label references (HO)
)
(c:/texlive/2024/texmf-dist/tex/generic/gettitlestring/gettitlestring.sty
Package: gettitlestring 2019/12/15 v1.6 Cleanup title references (HO)

(c:/texlive/2024/texmf-dist/tex/latex/kvoptions/kvoptions.sty
Package: kvoptions 2022-06-15 v3.15 Key value format for package options (HO)
))
\c@section@level=\count301
)
(c:/texlive/2024/texmf-dist/tex/generic/stringenc/stringenc.sty
Package: stringenc 2019/11/29 v1.12 Convert strings between diff. encodings (HO
)
)
\@linkdim=\dimen183
\Hy@linkcounter=\count302
\Hy@pagecounter=\count303

(c:/texlive/2024/texmf-dist/tex/latex/hyperref/pd1enc.def
File: pd1enc.def 2024-07-10 v7.01j Hyperref: PDFDocEncoding definition (HO)
Now handling font encoding PD1 ...
... no UTF-8 mapping file for font encoding PD1
)
(c:/texlive/2024/texmf-dist/tex/generic/intcalc/intcalc.sty
Package: intcalc 2019/12/15 v1.3 Expandable calculations with integers (HO)
)
\Hy@SavedSpaceFactor=\count304

(c:/texlive/2024/texmf-dist/tex/latex/hyperref/puenc.def
File: puenc.def 2024-07-10 v7.01j Hyperref: PDF Unicode definition (HO)
Now handling font encoding PU ...
... no UTF-8 mapping file for font encoding PU
)
Package hyperref Info: Option `colorlinks' set `true' on input line 4040.
Package hyperref Info: Hyper figures OFF on input line 4157.
Package hyperref Info: Link nesting OFF on input line 4162.
Package hyperref Info: Hyper index ON on input line 4165.
Package hyperref Info: Plain pages OFF on input line 4172.
Package hyperref Info: Backreferencing OFF on input line 4177.
Package hyperref Info: Implicit mode ON; LaTeX internals redefined.
Package hyperref Info: Bookmarks ON on input line 4424.
\c@Hy@tempcnt=\count305

(c:/texlive/2024/texmf-dist/tex/latex/url/url.sty
\Urlmuskip=\muskip18
Package: url 2013/09/16  ver 3.4  Verb mode for urls, etc.
)
LaTeX Info: Redefining \url on input line 4763.
\XeTeXLinkMargin=\dimen184

(c:/texlive/2024/texmf-dist/tex/generic/bitset/bitset.sty
Package: bitset 2019/12/09 v1.3 Handle bit-vector datatype (HO)

(c:/texlive/2024/texmf-dist/tex/generic/bigintcalc/bigintcalc.sty
Package: bigintcalc 2019/12/15 v1.5 Expandable calculations on big integers (HO
)
))
\Fld@menulength=\count306
\Field@Width=\dimen185
\Fld@charsize=\dimen186
Package hyperref Info: Hyper figures OFF on input line 6042.
Package hyperref Info: Link nesting OFF on input line 6047.
Package hyperref Info: Hyper index ON on input line 6050.
Package hyperref Info: backreferencing OFF on input line 6057.
Package hyperref Info: Link coloring ON on input line 6060.
Package hyperref Info: Link coloring with OCG OFF on input line 6067.
Package hyperref Info: PDF/A mode OFF on input line 6072.

(c:/texlive/2024/texmf-dist/tex/latex/base/atbegshi-ltx.sty
Package: atbegshi-ltx 2021/01/10 v1.0c Emulation of the original atbegshi
package with kernel methods
)
\Hy@abspage=\count307
\c@Item=\count308
\c@Hfootnote=\count309
)
Package hyperref Info: Driver (autodetected): hpdftex.

(c:/texlive/2024/texmf-dist/tex/latex/hyperref/hpdftex.def
File: hpdftex.def 2024-07-10 v7.01j Hyperref driver for pdfTeX

(c:/texlive/2024/texmf-dist/tex/latex/base/atveryend-ltx.sty
Package: atveryend-ltx 2020/08/19 v1.0a Emulation of the original atveryend pac
kage
with kernel methods
)
\Fld@listcount=\count310
\c@bookmark@seq@number=\count311

(c:/texlive/2024/texmf-dist/tex/latex/rerunfilecheck/rerunfilecheck.sty
Package: rerunfilecheck 2022-07-10 v1.10 Rerun checks for auxiliary files (HO)

(c:/texlive/2024/texmf-dist/tex/generic/uniquecounter/uniquecounter.sty
Package: uniquecounter 2019/12/15 v1.4 Provide unlimited unique counter (HO)
)
Package uniquecounter Info: New unique counter `rerunfilecheck' on input line 2
85.
)
\Hy@SectionHShift=\skip59
)
No file kampala_pq.aux.
\openout1 = `kampala_pq.aux'.

LaTeX Font Info:    Checking defaults for OML/cmm/m/it on input line 33.
LaTeX Font Info:    ... okay on input line 33.
LaTeX Font Info:    Checking defaults for OMS/cmsy/m/n on input line 33.
LaTeX Font Info:    ... okay on input line 33.
LaTeX Font Info:    Checking defaults for OT1/cmr/m/n on input line 33.
LaTeX Font Info:    ... okay on input line 33.
LaTeX Font Info:    Checking defaults for T1/cmr/m/n on input line 33.
LaTeX Font Info:    ... okay on input line 33.
LaTeX Font Info:    Checking defaults for TS1/cmr/m/n on input line 33.
LaTeX Font Info:    ... okay on input line 33.
LaTeX Font Info:    Checking defaults for OMX/cmex/m/n on input line 33.
LaTeX Font Info:    ... okay on input line 33.
LaTeX Font Info:    Checking defaults for U/cmr/m/n on input line 33.
LaTeX Font Info:    ... okay on input line 33.
LaTeX Font Info:    Checking defaults for PD1/pdf/m/n on input line 33.
LaTeX Font Info:    ... okay on input line 33.
LaTeX Font Info:    Checking defaults for PU/pdf/m/n on input line 33.
LaTeX Font Info:    ... okay on input line 33.
(c:/texlive/2024/texmf-dist/tex/context/base/mkii/supp-pdf.mkii
[Loading MPS to PDF converter (version 2006.09.02).]
\scratchcounter=\count312
\scratchdimen=\dimen187
\scratchbox=\box63
\nofMPsegments=\count313
\nofMParguments=\count314
\everyMPshowfont=\toks37
\MPscratchCnt=\count315
\MPscratchDim=\dimen188
\MPnumerator=\count316
\makeMPintoPDFobject=\count317
\everyMPtoPDFconversion=\toks38
) (c:/texlive/2024/texmf-dist/tex/latex/epstopdf-pkg/epstopdf-base.sty
Package: epstopdf-base 2020-01-24 v2.11 Base part for package epstopdf
Package epstopdf-base Info: Redefining graphics rule for `.eps' on input line 4
85.

(c:/texlive/2024/texmf-dist/tex/latex/latexconfig/epstopdf-sys.cfg
File: epstopdf-sys.cfg 2010/07/13 v1.3 Configuration of (r)epstopdf for TeX Liv
e
))
Package caption Info: Begin \AtBeginDocument code.
Package caption Info: float package is loaded.
Package caption Info: hyperref package is loaded.
Package caption Info: End \AtBeginDocument code.

*geometry* driver: auto-detecting
*geometry* detected driver: pdftex
*geometry* verbose mode - [ preamble ] result:
* driver: pdftex
* paper: a4paper
* layout: <same size as paper>
* layoutoffset:(h,v)=(0.0pt,0.0pt)
* modes: 
* h-part:(L,W,R)=(72.26999pt, 452.9679pt, 72.26999pt)
* v-part:(T,H,B)=(72.26999pt, 700.50687pt, 72.26999pt)
* \paperwidth=597.50787pt
* \paperheight=845.04684pt
* \textwidth=452.9679pt
* \textheight=700.50687pt
* \oddsidemargin=0.0pt
* \evensidemargin=0.0pt
* \topmargin=-37.0pt
* \headheight=12.0pt
* \headsep=25.0pt
* \topskip=10.0pt
* \footskip=30.0pt
* \marginparwidth=65.0pt
* \marginparsep=11.0pt
* \columnsep=10.0pt
* \skip\footins=24.0pt
* \hoffset=0.0pt
* \voffset=0.0pt
* \mag=1000
* \@twocolumnfalse
* \@twosidefalse
* \@mparswitchfalse
* \@reversemarginfalse
* (1in=72.27pt=25.4mm, 1cm=28.453pt)

Package hyperref Info: Link coloring ON on input line 33.
\@outlinefile=\write4
\openout4 = `kampala_pq.out'.




Package hyperref Warning: Token not allowed in a PDF string (Unicode):
(hyperref)                removing `\<def>-command' on input line 131.


Package hyperref Warning: Token not allowed in a PDF string (Unicode):
(hyperref)                removing `\cnotenum' on input line 131.


Package hyperref Warning: Token not allowed in a PDF string (Unicode):
(hyperref)                removing `\<def>-command' on input line 131.


Package hyperref Warning: Token not allowed in a PDF string (Unicode):
(hyperref)                removing `\@corref' on input line 131.

[1

{c:/texlive/2024/texmf-var/fonts/map/pdftex/updmap/pdftex.map}{c:/texlive/2024/
texmf-dist/fonts/enc/dvips/cm-super/cm-super-t1.enc}{c:/texlive/2024/texmf-dist
/fonts/enc/dvips/cm-super/cm-super-ts1.enc}]
LaTeX Font Info:    Trying to load font information for U+msa on input line 131
.

(c:/texlive/2024/texmf-dist/tex/latex/amsfonts/umsa.fd
File: umsa.fd 2013/01/14 v3.01 AMS symbols A
)
LaTeX Font Info:    Trying to load font information for U+msb on input line 131
.

(c:/texlive/2024/texmf-dist/tex/latex/amsfonts/umsb.fd
File: umsb.fd 2013/01/14 v3.01 AMS symbols B
)

Package natbib Warning: Citation `SDG7Report2020' on page 1 undefined on input 
line 136.


Package natbib Warning: Citation `IEA2023Electricity' on page 1 undefined on in
put line 136.


Package natbib Warning: Citation `ayaburi2020measuring' on page 1 undefined on 
input line 136.


Package natbib Warning: Citation `sdg72025' on page 1 undefined on input line 1
36.


Package natbib Warning: Citation `IEA2024SDG7' on page 1 undefined on input lin
e 136.




pdfTeX warning (ext4): destination with the same identifier (name{page.1}) has 
been already used, duplicate ignored
<to be read again> 
                   \relax 
l.137 
       [1


]

Package natbib Warning: Citation `broto2017energy' on page 2 undefined on input
 line 138.


Package natbib Warning: Citation `adams2018intra' on page 2 undefined on input 
line 138.


Package natbib Warning: Citation `Cabrita2024Preprint' on page 2 undefined on i
nput line 139.


Package natbib Warning: Citation `Madzivhandila2024Climate' on page 2 undefined
 on input line 139.


Package natbib Warning: Citation `TodesGoodfellow2024' on page 2 undefined on i
nput line 139.


Package natbib Warning: Citation `adams2017water' on page 2 undefined on input 
line 139.


Package natbib Warning: Citation `stevanato2023access' on page 2 undefined on i
nput line 142.


Package natbib Warning: Citation `mensah2022electricity' on page 2 undefined on
 input line 142.


Package natbib Warning: Citation `WorldBankESMAP2018' on page 2 undefined on in
put line 144.


Package natbib Warning: Citation `IEA2023Electricity' on page 2 undefined on in
put line 144.


Package natbib Warning: Citation `BhatiaAngelou2015' on page 2 undefined on inp
ut line 144.



[2]

Package natbib Warning: Citation `Bollen2000' on page 3 undefined on input line
 158.


Package natbib Warning: Citation `Dugan2012' on page 3 undefined on input line 
158.


Package natbib Warning: Citation `IEEE1159_2019' on page 3 undefined on input l
ine 158.


Package natbib Warning: Citation `IEEE1100_2005' on page 3 undefined on input l
ine 158.


Package natbib Warning: Citation `IEC61508_2010_CMV' on page 3 undefined on inp
ut line 158.


Package natbib Warning: Citation `Bollen2003' on page 3 undefined on input line
 160.


Package natbib Warning: Citation `Dugan2012' on page 3 undefined on input line 
160.


Package natbib Warning: Citation `Arrillaga2000' on page 3 undefined on input l
ine 160.


Package natbib Warning: Citation `Caramia2009' on page 3 undefined on input lin
e 163.


Package natbib Warning: Citation `IEEE1159_2019' on page 3 undefined on input l
ine 163.


Package natbib Warning: Citation `ANSI_C84_1_2020' on page 3 undefined on input
 line 163.


Package natbib Warning: Citation `PowerSonicVoltageCountry' on page 3 undefined
 on input line 163.


Package natbib Warning: Citation `UgandaGridCode2003' on page 3 undefined on in
put line 163.


Package natbib Warning: Citation `UgandaBuildingCode2019' on page 3 undefined o
n input line 163.


Package natbib Warning: Citation `ANSI_C84_1_2020' on page 3 undefined on input
 line 163.



[3]

LaTeX Warning: Reference `fig:grid_configs' on page 4 undefined on input line 1
86.



[4]
<Wiring/case1_wiring.png, id=49, 1120.185pt x 619.31375pt>
File: Wiring/case1_wiring.png Graphic file (type png)
<use Wiring/case1_wiring.png>
Package pdftex.def Info: Wiring/case1_wiring.png  used on input line 197.
(pdftex.def)             Requested size: 144.95303pt x 80.1356pt.
<Wiring/case2_wiring.png, id=51, 1102.1175pt x 606.265pt>
File: Wiring/case2_wiring.png Graphic file (type png)
<use Wiring/case2_wiring.png>
Package pdftex.def Info: Wiring/case2_wiring.png  used on input line 203.
(pdftex.def)             Requested size: 144.95303pt x 79.73305pt.
<Wiring/case3_wiring.png, id=52, 1098.1025pt x 609.27625pt>
File: Wiring/case3_wiring.png Graphic file (type png)
<use Wiring/case3_wiring.png>
Package pdftex.def Info: Wiring/case3_wiring.png  used on input line 209.
(pdftex.def)             Requested size: 144.95303pt x 80.42656pt.


[5 <./Wiring/case1_wiring.png> <./Wiring/case2_wiring.png> <./Wiring/case3_wiri
ng.png>]

[6]
<wiring_images/image1.png, id=67, 268.00125pt x 354.32375pt>
File: wiring_images/image1.png Graphic file (type png)
<use wiring_images/image1.png>
Package pdftex.def Info: wiring_images/image1.png  used on input line 237.
(pdftex.def)             Requested size: 135.89174pt x 179.65926pt.
<wiring_images/image2.png, id=68, 269.005pt x 351.3125pt>
File: wiring_images/image2.png Graphic file (type png)
<use wiring_images/image2.png>
Package pdftex.def Info: wiring_images/image2.png  used on input line 243.
(pdftex.def)             Requested size: 135.89174pt x 177.47305pt.
<wiring_images/image3.png, id=69, 266.9975pt x 362.35374pt>
File: wiring_images/image3.png Graphic file (type png)
<use wiring_images/image3.png>
Package pdftex.def Info: wiring_images/image3.png  used on input line 249.
(pdftex.def)             Requested size: 135.89174pt x 184.43304pt.
<wiring_images/image4.png, id=70, 269.005pt x 353.32pt>
File: wiring_images/image4.png Graphic file (type png)
<use wiring_images/image4.png>
Package pdftex.def Info: wiring_images/image4.png  used on input line 258.
(pdftex.def)             Requested size: 135.89174pt x 178.48718pt.
<wiring_images/image5.png, id=71, 263.98625pt x 341.275pt>
File: wiring_images/image5.png Graphic file (type png)
<use wiring_images/image5.png>
Package pdftex.def Info: wiring_images/image5.png  used on input line 264.
(pdftex.def)             Requested size: 135.89174pt x 175.67786pt.
<wiring_images/image6.png, id=72, 265.99374pt x 349.305pt>
File: wiring_images/image6.png Graphic file (type png)
<use wiring_images/image6.png>
Package pdftex.def Info: wiring_images/image6.png  used on input line 270.
(pdftex.def)             Requested size: 135.89174pt x 178.45766pt.
<wiring_images/image7.png, id=73, 264.99pt x 350.30875pt>
File: wiring_images/image7.png Graphic file (type png)
<use wiring_images/image7.png>
Package pdftex.def Info: wiring_images/image7.png  used on input line 279.
(pdftex.def)             Requested size: 135.89174pt x 179.64397pt.

Underfull \hbox (badness 10000) in paragraph at lines 280--280
[]\T1/cmr/m/n/7 (g) |Live/Ground re-verse, miss-ing
 []

<wiring_images/image8.png, id=74, 274.02374pt x 353.32pt>
File: wiring_images/image8.png Graphic file (type png)
<use wiring_images/image8.png>
Package pdftex.def Info: wiring_images/image8.png  used on input line 285.
(pdftex.def)             Requested size: 135.89174pt x 175.22011pt.
<wiring_images/image9.png, id=75, 272.01625pt x 350.30875pt>
File: wiring_images/image9.png Graphic file (type png)
<use wiring_images/image9.png>
Package pdftex.def Info: wiring_images/image9.png  used on input line 291.
(pdftex.def)             Requested size: 135.89174pt x 175.00961pt.

Package natbib Warning: Citation `spotlightkampala' on page 7 undefined on inpu
t line 306.



[7

 <./wiring_images/image1.png> <./wiring_images/image2.png> <./wiring_images/ima
ge3.png> <./wiring_images/image4.png> <./wiring_images/image5.png> <./wiring_im
ages/image6.png> <./wiring_images/image7.png> <./wiring_images/image8.png> <./w
iring_images/image9.png>]

LaTeX Warning: Reference `fig:kampala_layout' on page 8 undefined on input line
 309.



[8]

Package natbib Warning: Citation `nline' on page 9 undefined on input line 318.



LaTeX Warning: Reference `fig:deployment_setup' on page 9 undefined on input li
ne 319.

<figures/pq_paper_map_layout.png, id=96, 451.6875pt x 554.07pt>
File: figures/pq_paper_map_layout.png Graphic file (type png)
<use figures/pq_paper_map_layout.png>
Package pdftex.def Info: figures/pq_paper_map_layout.png  used on input line 32
3.
(pdftex.def)             Requested size: 452.9679pt x 555.67499pt.


[9]
<figures/deployment_schematic.png, id=101, 1077.02374pt x 543.02875pt>
File: figures/deployment_schematic.png Graphic file (type png)
<use figures/deployment_schematic.png>
Package pdftex.def Info: figures/deployment_schematic.png  used on input line 3
31.
(pdftex.def)             Requested size: 452.9679pt x 228.38538pt.


[10 <./figures/pq_paper_map_layout.png>]

[11 <./figures/deployment_schematic.png>]

[12]

[13]

LaTeX Warning: Reference `fig:heatmap_joypy' on page 14 undefined on input line
 499.


LaTeX Warning: Reference `fig:heatmap_joypy' on page 14 undefined on input line
 501.


LaTeX Warning: Reference `fig:voltage_distribution_sett_type' on page 14 undefi
ned on input line 504.


LaTeX Warning: Reference `fig:voltage_distribution_sett_type' on page 14 undefi
ned on input line 504.



[14]
<figures/heatmap_joypy.png, id=140, 1095.09125pt x 453.695pt>
File: figures/heatmap_joypy.png Graphic file (type png)
<use figures/heatmap_joypy.png>
Package pdftex.def Info: figures/heatmap_joypy.png  used on input line 517.
(pdftex.def)             Requested size: 407.66833pt x 168.89601pt.
<figures/prob_dis_and_prop_v.png, id=141, 1093.08376pt x 388.45125pt>
File: figures/prob_dis_and_prop_v.png Graphic file (type png)
<use figures/prob_dis_and_prop_v.png>
Package pdftex.def Info: figures/prob_dis_and_prop_v.png  used on input line 53
3.
(pdftex.def)             Requested size: 407.66833pt x 144.87459pt.


[15 <./figures/heatmap_joypy.png>]

LaTeX Warning: Reference `fig:pq_bnd' on page 16 undefined on input line 565.


LaTeX Warning: Reference `fig:cons_chain' on page 16 undefined on input line 56
9.

<figures/connections_chain_position.png, id=150, 599.23875pt x 620.3175pt>
File: figures/connections_chain_position.png Graphic file (type png)
<use figures/connections_chain_position.png>
Package pdftex.def Info: figures/connections_chain_position.png  used on input 
line 583.
(pdftex.def)             Requested size: 407.66833pt x 422.01855pt.


[16 <./figures/prob_dis_and_prop_v.png>]

LaTeX Warning: Reference `fig:time_bracket_state' on page 17 undefined on input
 line 591.


LaTeX Warning: Reference `fig:v_tran_prob' on page 17 undefined on input line 5
91.


LaTeX Warning: Reference `fig:time_bracket_state' on page 17 undefined on input
 line 591.

<figures/voltage_line_plot_hr.png, id=158, 1533.0876pt x 1035.3882pt>
File: figures/voltage_line_plot_hr.png Graphic file (type png)
<use figures/voltage_line_plot_hr.png>
Package pdftex.def Info: figures/voltage_line_plot_hr.png  used on input line 6
00.
(pdftex.def)             Requested size: 407.66833pt x 275.32448pt.


[17 <./figures/connections_chain_position.png>]
<figures/vol_state_duration.png, id=166, 1806.75pt x 1084.05pt>
File: figures/vol_state_duration.png Graphic file (type png)
<use figures/vol_state_duration.png>
Package pdftex.def Info: figures/vol_state_duration.png  used on input line 607
.
(pdftex.def)             Requested size: 430.31812pt x 258.19237pt.


Package hyperref Warning: Token not allowed in a PDF string (Unicode):
(hyperref)                removing `\@ifnextchar' on input line 615.


Package hyperref Warning: Token not allowed in a PDF string (Unicode):
(hyperref)                removing `\@ifnextchar' on input line 615.


LaTeX Warning: Reference `fig:markov' on page 18 undefined on input line 620.



[18 <./figures/voltage_line_plot_hr.png> <./figures/vol_state_duration.png>]
<figures/markov_transition_matrix.png, id=176, 1806.75pt x 1300.86pt>
File: figures/markov_transition_matrix.png Graphic file (type png)
<use figures/markov_transition_matrix.png>
Package pdftex.def Info: figures/markov_transition_matrix.png  used on input li
ne 624.
(pdftex.def)             Requested size: 430.31812pt x 309.83084pt.


LaTeX Warning: Reference `fig:entropy_voltage' on page 19 undefined on input li
ne 630.



[19 <./figures/markov_transition_matrix.png>]
<figures/entropy_voltage_plot.png, id=185, 1794.9459pt x 1072.005pt>
File: figures/entropy_voltage_plot.png Graphic file (type png)
<use figures/entropy_voltage_plot.png>
Package pdftex.def Info: figures/entropy_voltage_plot.png  used on input line 6
34.
(pdftex.def)             Requested size: 430.31812pt x 256.99202pt.


[20 <./figures/entropy_voltage_plot.png>]

[21]

[22] (./kampala_pq.bbl
LaTeX Font Info:    Trying to load font information for T1+cmtt on input line 1
2.
 (c:/texlive/2024/texmf-dist/tex/latex/base/t1cmtt.fd
File: t1cmtt.fd 2023/04/13 v2.5m Standard LaTeX font definitions
)
Underfull \hbox (badness 1983) in paragraph at lines 12--13
[]\T1/cmr/m/n/10 International En-ergy Agency (IEA), Ac-cess to elec-tric-ity i
m-proves slightly in 2023, but
 []


Underfull \hbox (badness 5504) in paragraph at lines 12--13
\T1/cmr/m/n/10 still far from the pace needed to meet SDG7, [][]$\T1/cmtt/m/n/1
0 https : / / www . iea . org / commentaries /
 []


Overfull \hbox (76.98798pt too wide) in paragraph at lines 12--13
\T1/cmtt/m/n/10 access-[]to-[]electricity-[]improves-[]slightly-[]in-[]2023-[]b
ut-[]still-[]far-[]from-[]the-[]pace-[]needed-[]to-[]meet-[]sdg7$[][]\T1/cmr/m/
n/10 ,
 []



[23]

[24])

Package natbib Warning: There were undefined citations.



[25] (./kampala_pq.aux

Package natbib Warning: Citation(s) may have changed.
(natbib)                Rerun to get citations correct.

)
 ***********
LaTeX2e <2024-06-01> patch level 2
L3 programming layer <2024-09-10>
 ***********


LaTeX Warning: There were undefined references.


LaTeX Warning: Label(s) may have changed. Rerun to get cross-references right.


Package rerunfilecheck Warning: File `kampala_pq.out' has changed.
(rerunfilecheck)                Rerun to get outlines right
(rerunfilecheck)                or use package `bookmark'.

Package rerunfilecheck Info: Checksums for `kampala_pq.out':
(rerunfilecheck)             Before: <no file>
(rerunfilecheck)             After:  BC995DFB7D961159545D4D538108182A;4599.
 ) 
Here is how much of TeX's memory you used:
 13840 strings out of 473579
 217421 string characters out of 5732257
 617907 words of memory out of 5000000
 36459 multiletter control sequences out of 15000+600000
 572760 words of font info for 71 fonts, out of 8000000 for 9000
 1141 hyphenation exceptions out of 8191
 75i,9n,79p,1911b,603s stack positions out of 10000i,1000n,20000p,200000b,200000s
<c:/texlive/2024/texmf-dist/fonts/type1/public/amsfonts/cm/cmex10.pfb><c:/tex
live/2024/texmf-dist/fonts/type1/public/amsfonts/cm/cmmi10.pfb><c:/texlive/2024
/texmf-dist/fonts/type1/public/amsfonts/cm/cmmi5.pfb><c:/texlive/2024/texmf-dis
t/fonts/type1/public/amsfonts/cm/cmmi7.pfb><c:/texlive/2024/texmf-dist/fonts/ty
pe1/public/amsfonts/cm/cmr10.pfb><c:/texlive/2024/texmf-dist/fonts/type1/public
/amsfonts/cm/cmr5.pfb><c:/texlive/2024/texmf-dist/fonts/type1/public/amsfonts/c
m/cmr7.pfb><c:/texlive/2024/texmf-dist/fonts/type1/public/amsfonts/cm/cmsy10.pf
b><c:/texlive/2024/texmf-dist/fonts/type1/public/amsfonts/cm/cmsy5.pfb><c:/texl
ive/2024/texmf-dist/fonts/type1/public/amsfonts/cm/cmsy6.pfb><c:/texlive/2024/t
exmf-dist/fonts/type1/public/amsfonts/cm/cmsy7.pfb><c:/texlive/2024/texmf-dist/
fonts/type1/public/cm-super/sfbi1000.pfb><c:/texlive/2024/texmf-dist/fonts/type
1/public/cm-super/sfbx0800.pfb><c:/texlive/2024/texmf-dist/fonts/type1/public/c
m-super/sfbx1000.pfb><c:/texlive/2024/texmf-dist/fonts/type1/public/cm-super/sf
rm0700.pfb><c:/texlive/2024/texmf-dist/fonts/type1/public/cm-super/sfrm0800.pfb
><c:/texlive/2024/texmf-dist/fonts/type1/public/cm-super/sfrm1000.pfb><c:/texli
ve/2024/texmf-dist/fonts/type1/public/cm-super/sfrm1440.pfb><c:/texlive/2024/te
xmf-dist/fonts/type1/public/cm-super/sfti0600.pfb><c:/texlive/2024/texmf-dist/f
onts/type1/public/cm-super/sfti0800.pfb><c:/texlive/2024/texmf-dist/fonts/type1
/public/cm-super/sfti1000.pfb><c:/texlive/2024/texmf-dist/fonts/type1/public/cm
-super/sftt1000.pfb>
Output written on kampala_pq.pdf (26 pages, 18532646 bytes).
PDF statistics:
 396 PDF objects out of 1000 (max. 8388607)
 277 compressed objects within 3 object streams
 93 named destinations out of 1000 (max. 500000)
 106 words of extra memory for PDF output out of 10000 (max. 10000000)

